<?xml version="1.0" encoding="UTF-8"?>
<testng-results ignored="0" total="2" passed="2" failed="0" skipped="0">
  <reporter-output>
  </reporter-output>
  <suite started-at="2023-06-15T14:22:25 IST" name="Default suite" finished-at="2023-06-15T14:22:33 IST" duration-ms="7385">
    <groups>
    </groups>
    <test started-at="2023-06-15T14:22:25 IST" name="Default test" finished-at="2023-06-15T14:22:33 IST" duration-ms="7385">
      <class name="Logintrial.BaseTest">
        <test-method is-config="true" signature="setup()[pri:0, instance:Logintrial.BaseTest@53045c6c]" started-at="2023-06-15T14:22:25 IST" name="setup" finished-at="2023-06-15T14:22:32 IST" duration-ms="6420" status="PASS">
          <reporter-output>
          </reporter-output>
        </test-method> <!-- setup -->
        <test-method signature="LoginTestpage()[pri:0, instance:Logintrial.BaseTest@53045c6c]" started-at="2023-06-15T14:22:32 IST" name="LoginTestpage" finished-at="2023-06-15T14:22:32 IST" duration-ms="347" status="PASS">
          <reporter-output>
          </reporter-output>
        </test-method> <!-- LoginTestpage -->
        <test-method signature="serchproducts()[pri:0, instance:Logintrial.BaseTest@53045c6c]" started-at="2023-06-15T14:22:32 IST" name="serchproducts" finished-at="2023-06-15T14:22:33 IST" duration-ms="506" status="PASS">
          <reporter-output>
          </reporter-output>
        </test-method> <!-- serchproducts -->
      </class> <!-- Logintrial.BaseTest -->
    </test> <!-- Default test -->
  </suite> <!-- Default suite -->
</testng-results>
